<?xml version="1.0" encoding="UTF-8"?>
<testsuite name="com.meir.trello.tests.BoardCreationTest" tests="1" skipped="0" failures="0" errors="0" timestamp="2020-02-04T17:26:38" hostname="Meir_Max" time="76.568">
  <properties/>
  <testcase name="CreateBoard" classname="com.meir.trello.tests.BoardCreationTest" time="76.568"/>
  <system-out><![CDATA[actualRes = 11
actualRes = 17
expectedRes = 14
]]></system-out>
  <system-err><![CDATA[]]></system-err>
</testsuite>
